build/app/intermediates/manifest_merge_blame_file/debug/manifest-merger-blame-debug-report.txt
1<?xml version="1.0" encoding="utf-8"?>
2<manifest xmlns:android="http://schemas.android.com/apk/res/android"
3    package="com.example.flutter_car_app"
4    android:versionCode="1"
5    android:versionName="1.0.0" >
6
7    <uses-sdk
8        android:minSdkVersion="19"
9        android:targetSdkVersion="33" />
10    <!--
11         The INTERNET permission is required for development. Specifically,
12         the Flutter tool needs it to communicate with the running application
13         to allow setting breakpoints, to provide hot reload, etc.
14    -->
15    <uses-permission android:name="android.permission.INTERNET" />
15-->src\debug\AndroidManifest.xml:6:5-66
15-->src\debug\AndroidManifest.xml:6:22-64
16    <!--
17     Required to query activities that can process text, see:
18         https://developer.android.com/training/package-visibility?hl=en and
19         https://developer.android.com/reference/android/content/Intent#ACTION_PROCESS_TEXT.
20
21         In particular, this is used by the Flutter engine in io.flutter.plugin.text.ProcessTextPlugin.
22    -->
23    <queries>
23-->src\main\AndroidManifest.xml:38:5-43:15
24        <intent>
24-->src\main\AndroidManifest.xml:39:9-42:18
25            <action android:name="android.intent.action.PROCESS_TEXT" />
25-->src\main\AndroidManifest.xml:40:13-72
25-->src\main\AndroidManifest.xml:40:21-70
26
27            <data android:mimeType="text/plain" />
27-->src\main\AndroidManifest.xml:41:13-50
27-->src\main\AndroidManifest.xml:41:19-48
28        </intent>
29        <intent>
29-->[:flutter_inappwebview] AndroidManifest.xml:10:9-12:18
30            <action android:name="android.support.customtabs.action.CustomTabsService" />
30-->[:flutter_inappwebview] AndroidManifest.xml:11:13-90
30-->[:flutter_inappwebview] AndroidManifest.xml:11:21-87
31        </intent>
32    </queries>
33
34    <uses-permission android:name="android.permission.ACCESS_NETWORK_STATE" />
34-->[:connectivity] AndroidManifest.xml:9:5-79
34-->[:connectivity] AndroidManifest.xml:9:22-76
35
36    <permission
36-->[androidx.core:core:1.10.1] AndroidManifest.xml:22:5-24:47
37        android:name="com.example.flutter_car_app.DYNAMIC_RECEIVER_NOT_EXPORTED_PERMISSION"
37-->[androidx.core:core:1.10.1] AndroidManifest.xml:23:9-81
38        android:protectionLevel="signature" />
38-->[androidx.core:core:1.10.1] AndroidManifest.xml:24:9-44
39
40    <uses-permission android:name="com.example.flutter_car_app.DYNAMIC_RECEIVER_NOT_EXPORTED_PERMISSION" />
40-->[androidx.core:core:1.10.1] AndroidManifest.xml:26:5-97
40-->[androidx.core:core:1.10.1] AndroidManifest.xml:26:22-94
41
42    <application
43        android:name="android.app.Application"
44        android:appComponentFactory="androidx.core.app.CoreComponentFactory"
44-->[androidx.core:core:1.10.1] AndroidManifest.xml:28:18-86
45        android:debuggable="true"
46        android:icon="@mipmap/ic_launcher"
47        android:label="flutter_car_app" >
48        <activity
49            android:name="com.example.flutter_car_app.MainActivity"
50            android:configChanges="orientation|keyboardHidden|keyboard|screenSize|smallestScreenSize|locale|layoutDirection|fontScale|screenLayout|density|uiMode"
51            android:exported="true"
52            android:hardwareAccelerated="true"
53            android:launchMode="singleTop"
54            android:theme="@style/LaunchTheme"
55            android:windowSoftInputMode="adjustResize" >
56
57            <!--
58                 Specifies an Android theme to apply to this Activity as soon as
59                 the Android process has started. This theme is visible to the user
60                 while the Flutter UI initializes. After that, this theme continues
61                 to determine the Window background behind the Flutter UI.
62            -->
63            <meta-data
64                android:name="io.flutter.embedding.android.NormalTheme"
65                android:resource="@style/NormalTheme" />
66
67            <intent-filter>
68                <action android:name="android.intent.action.MAIN" />
69
70                <category android:name="android.intent.category.LAUNCHER" />
71            </intent-filter>
72        </activity>
73        <!--
74             Don't delete the meta-data below.
75             This is used by the Flutter tool to generate GeneratedPluginRegistrant.java
76        -->
77        <meta-data
78            android:name="flutterEmbedding"
79            android:value="2" />
80
81        <provider
81-->[:image_picker_android] AndroidManifest.xml:11:9-19:20
82            android:name="io.flutter.plugins.imagepicker.ImagePickerFileProvider"
82-->[:image_picker_android] AndroidManifest.xml:12:13-82
83            android:authorities="com.example.flutter_car_app.flutter.image_provider"
83-->[:image_picker_android] AndroidManifest.xml:13:13-74
84            android:exported="false"
84-->[:image_picker_android] AndroidManifest.xml:14:13-37
85            android:grantUriPermissions="true" >
85-->[:image_picker_android] AndroidManifest.xml:15:13-47
86            <meta-data
86-->[:image_picker_android] AndroidManifest.xml:16:13-18:75
87                android:name="android.support.FILE_PROVIDER_PATHS"
87-->[:image_picker_android] AndroidManifest.xml:17:17-67
88                android:resource="@xml/flutter_image_picker_file_paths" />
88-->[:image_picker_android] AndroidManifest.xml:18:17-72
89        </provider> <!-- Trigger Google Play services to install the backported photo picker module. -->
90        <service
90-->[:image_picker_android] AndroidManifest.xml:21:9-33:19
91            android:name="com.google.android.gms.metadata.ModuleDependencies"
91-->[:image_picker_android] AndroidManifest.xml:22:13-78
92            android:enabled="false"
92-->[:image_picker_android] AndroidManifest.xml:23:13-36
93            android:exported="false" >
93-->[:image_picker_android] AndroidManifest.xml:24:13-37
94            <intent-filter>
94-->[:image_picker_android] AndroidManifest.xml:26:13-28:29
95                <action android:name="com.google.android.gms.metadata.MODULE_DEPENDENCIES" />
95-->[:image_picker_android] AndroidManifest.xml:27:17-94
95-->[:image_picker_android] AndroidManifest.xml:27:25-91
96            </intent-filter>
97
98            <meta-data
98-->[:image_picker_android] AndroidManifest.xml:30:13-32:36
99                android:name="photopicker_activity:0:required"
99-->[:image_picker_android] AndroidManifest.xml:31:17-63
100                android:value="" />
100-->[:image_picker_android] AndroidManifest.xml:32:17-33
101        </service>
102
103        <activity
103-->[:flutter_inappwebview] AndroidManifest.xml:16:9-20:47
104            android:name="com.pichillilorenzo.flutter_inappwebview.in_app_browser.InAppBrowserActivity"
104-->[:flutter_inappwebview] AndroidManifest.xml:17:13-104
105            android:configChanges="orientation|keyboardHidden|keyboard|screenSize|locale|layoutDirection|fontScale|screenLayout|density"
105-->[:flutter_inappwebview] AndroidManifest.xml:18:13-137
106            android:exported="false"
106-->[:flutter_inappwebview] AndroidManifest.xml:19:13-37
107            android:theme="@style/AppTheme" />
107-->[:flutter_inappwebview] AndroidManifest.xml:20:13-44
108        <activity
108-->[:flutter_inappwebview] AndroidManifest.xml:21:9-24:55
109            android:name="com.pichillilorenzo.flutter_inappwebview.chrome_custom_tabs.ChromeCustomTabsActivity"
109-->[:flutter_inappwebview] AndroidManifest.xml:22:13-112
110            android:exported="false"
110-->[:flutter_inappwebview] AndroidManifest.xml:23:13-37
111            android:theme="@style/ThemeTransparent" />
111-->[:flutter_inappwebview] AndroidManifest.xml:24:13-52
112        <activity
112-->[:flutter_inappwebview] AndroidManifest.xml:25:9-28:55
113            android:name="com.pichillilorenzo.flutter_inappwebview.chrome_custom_tabs.TrustedWebActivity"
113-->[:flutter_inappwebview] AndroidManifest.xml:26:13-106
114            android:exported="false"
114-->[:flutter_inappwebview] AndroidManifest.xml:27:13-37
115            android:theme="@style/ThemeTransparent" />
115-->[:flutter_inappwebview] AndroidManifest.xml:28:13-52
116        <activity
116-->[:flutter_inappwebview] AndroidManifest.xml:29:9-33:55
117            android:name="com.pichillilorenzo.flutter_inappwebview.chrome_custom_tabs.ChromeCustomTabsActivitySingleInstance"
117-->[:flutter_inappwebview] AndroidManifest.xml:30:13-126
118            android:exported="false"
118-->[:flutter_inappwebview] AndroidManifest.xml:31:13-37
119            android:launchMode="singleInstance"
119-->[:flutter_inappwebview] AndroidManifest.xml:32:13-48
120            android:theme="@style/ThemeTransparent" />
120-->[:flutter_inappwebview] AndroidManifest.xml:33:13-52
121        <activity
121-->[:flutter_inappwebview] AndroidManifest.xml:34:9-38:55
122            android:name="com.pichillilorenzo.flutter_inappwebview.chrome_custom_tabs.TrustedWebActivitySingleInstance"
122-->[:flutter_inappwebview] AndroidManifest.xml:35:13-120
123            android:exported="false"
123-->[:flutter_inappwebview] AndroidManifest.xml:36:13-37
124            android:launchMode="singleInstance"
124-->[:flutter_inappwebview] AndroidManifest.xml:37:13-48
125            android:theme="@style/ThemeTransparent" />
125-->[:flutter_inappwebview] AndroidManifest.xml:38:13-52
126
127        <receiver
127-->[:flutter_inappwebview] AndroidManifest.xml:40:9-43:40
128            android:name="com.pichillilorenzo.flutter_inappwebview.chrome_custom_tabs.ActionBroadcastReceiver"
128-->[:flutter_inappwebview] AndroidManifest.xml:41:13-111
129            android:enabled="true"
129-->[:flutter_inappwebview] AndroidManifest.xml:42:13-35
130            android:exported="false" />
130-->[:flutter_inappwebview] AndroidManifest.xml:43:13-37
131
132        <meta-data
132-->[:flutter_inappwebview] AndroidManifest.xml:45:9-47:36
133            android:name="io.flutter.embedded_views_preview"
133-->[:flutter_inappwebview] AndroidManifest.xml:46:13-61
134            android:value="true" />
134-->[:flutter_inappwebview] AndroidManifest.xml:47:13-33
135
136        <provider
136-->[:open_file] AndroidManifest.xml:11:9-20:20
137            android:name="com.crazecoder.openfile.FileProvider"
137-->[:open_file] AndroidManifest.xml:12:13-64
138            android:authorities="com.example.flutter_car_app.fileProvider.com.crazecoder.openfile"
138-->[:open_file] AndroidManifest.xml:13:13-88
139            android:exported="false"
139-->[:open_file] AndroidManifest.xml:14:13-37
140            android:grantUriPermissions="true" >
140-->[:open_file] AndroidManifest.xml:15:13-47
141            <meta-data
141-->[:image_picker_android] AndroidManifest.xml:16:13-18:75
142                android:name="android.support.FILE_PROVIDER_PATHS"
142-->[:image_picker_android] AndroidManifest.xml:17:17-67
143                android:resource="@xml/filepaths" />
143-->[:image_picker_android] AndroidManifest.xml:18:17-72
144        </provider>
145        <provider
145-->[androidx.emoji2:emoji2:1.2.0] AndroidManifest.xml:24:9-32:20
146            android:name="androidx.startup.InitializationProvider"
146-->[androidx.emoji2:emoji2:1.2.0] AndroidManifest.xml:25:13-67
147            android:authorities="com.example.flutter_car_app.androidx-startup"
147-->[androidx.emoji2:emoji2:1.2.0] AndroidManifest.xml:26:13-68
148            android:exported="false" >
148-->[androidx.emoji2:emoji2:1.2.0] AndroidManifest.xml:27:13-37
149            <meta-data
149-->[androidx.emoji2:emoji2:1.2.0] AndroidManifest.xml:29:13-31:52
150                android:name="androidx.emoji2.text.EmojiCompatInitializer"
150-->[androidx.emoji2:emoji2:1.2.0] AndroidManifest.xml:30:17-75
151                android:value="androidx.startup" />
151-->[androidx.emoji2:emoji2:1.2.0] AndroidManifest.xml:31:17-49
152            <meta-data
152-->[androidx.lifecycle:lifecycle-process:2.6.1] AndroidManifest.xml:29:13-31:52
153                android:name="androidx.lifecycle.ProcessLifecycleInitializer"
153-->[androidx.lifecycle:lifecycle-process:2.6.1] AndroidManifest.xml:30:17-78
154                android:value="androidx.startup" />
154-->[androidx.lifecycle:lifecycle-process:2.6.1] AndroidManifest.xml:31:17-49
155            <meta-data
155-->[androidx.profileinstaller:profileinstaller:1.3.0] AndroidManifest.xml:29:13-31:52
156                android:name="androidx.profileinstaller.ProfileInstallerInitializer"
156-->[androidx.profileinstaller:profileinstaller:1.3.0] AndroidManifest.xml:30:17-85
157                android:value="androidx.startup" />
157-->[androidx.profileinstaller:profileinstaller:1.3.0] AndroidManifest.xml:31:17-49
158        </provider>
159
160        <uses-library
160-->[androidx.window:window:1.0.0-beta04] AndroidManifest.xml:25:9-27:40
161            android:name="androidx.window.extensions"
161-->[androidx.window:window:1.0.0-beta04] AndroidManifest.xml:26:13-54
162            android:required="false" />
162-->[androidx.window:window:1.0.0-beta04] AndroidManifest.xml:27:13-37
163        <uses-library
163-->[androidx.window:window:1.0.0-beta04] AndroidManifest.xml:28:9-30:40
164            android:name="androidx.window.sidecar"
164-->[androidx.window:window:1.0.0-beta04] AndroidManifest.xml:29:13-51
165            android:required="false" />
165-->[androidx.window:window:1.0.0-beta04] AndroidManifest.xml:30:13-37
166
167        <receiver
167-->[androidx.profileinstaller:profileinstaller:1.3.0] AndroidManifest.xml:34:9-52:20
168            android:name="androidx.profileinstaller.ProfileInstallReceiver"
168-->[androidx.profileinstaller:profileinstaller:1.3.0] AndroidManifest.xml:35:13-76
169            android:directBootAware="false"
169-->[androidx.profileinstaller:profileinstaller:1.3.0] AndroidManifest.xml:36:13-44
170            android:enabled="true"
170-->[androidx.profileinstaller:profileinstaller:1.3.0] AndroidManifest.xml:37:13-35
171            android:exported="true"
171-->[androidx.profileinstaller:profileinstaller:1.3.0] AndroidManifest.xml:38:13-36
172            android:permission="android.permission.DUMP" >
172-->[androidx.profileinstaller:profileinstaller:1.3.0] AndroidManifest.xml:39:13-57
173            <intent-filter>
173-->[androidx.profileinstaller:profileinstaller:1.3.0] AndroidManifest.xml:40:13-42:29
174                <action android:name="androidx.profileinstaller.action.INSTALL_PROFILE" />
174-->[androidx.profileinstaller:profileinstaller:1.3.0] AndroidManifest.xml:41:17-91
174-->[androidx.profileinstaller:profileinstaller:1.3.0] AndroidManifest.xml:41:25-88
175            </intent-filter>
176            <intent-filter>
176-->[androidx.profileinstaller:profileinstaller:1.3.0] AndroidManifest.xml:43:13-45:29
177                <action android:name="androidx.profileinstaller.action.SKIP_FILE" />
177-->[androidx.profileinstaller:profileinstaller:1.3.0] AndroidManifest.xml:44:17-85
177-->[androidx.profileinstaller:profileinstaller:1.3.0] AndroidManifest.xml:44:25-82
178            </intent-filter>
179            <intent-filter>
179-->[androidx.profileinstaller:profileinstaller:1.3.0] AndroidManifest.xml:46:13-48:29
180                <action android:name="androidx.profileinstaller.action.SAVE_PROFILE" />
180-->[androidx.profileinstaller:profileinstaller:1.3.0] AndroidManifest.xml:47:17-88
180-->[androidx.profileinstaller:profileinstaller:1.3.0] AndroidManifest.xml:47:25-85
181            </intent-filter>
182            <intent-filter>
182-->[androidx.profileinstaller:profileinstaller:1.3.0] AndroidManifest.xml:49:13-51:29
183                <action android:name="androidx.profileinstaller.action.BENCHMARK_OPERATION" />
183-->[androidx.profileinstaller:profileinstaller:1.3.0] AndroidManifest.xml:50:17-95
183-->[androidx.profileinstaller:profileinstaller:1.3.0] AndroidManifest.xml:50:25-92
184            </intent-filter>
185        </receiver>
186    </application>
187
188</manifest>